<?xml version="1.0" encoding="UTF-8"?>
<!-- Generated by org.testng.reporters.JUnitReportReporter -->
<testsuite hostname="Pratik" failures="0" tests="1" name="com.coverFox_TestNG.CoverFoxUsingTestNG" time="15.766" errors="0" timestamp="2025-05-08T17:21:41 IST" skipped="0">
  <testcase classname="com.coverFox_TestNG.CoverFoxUsingTestNG" name="validatePlancardAndText" time="15.766">
    <system-out>
      <![CDATA[getting plan no form text
getting plan no form plan cards
plan no are matching Tc is passed
taking screenshort saved at C:\Users\prati\eclipse-workspace\maven23Nov2024Batch\screenshotvalidatePlancardAndText.png]]>
    </system-out>
  </testcase> <!-- validatePlancardAndText -->
  <system-out>
    <![CDATA[reading data from properties file
Launching Browser
CLicking on gender
clicking on next button for health page 
reading data from excel
selecting drowdown for age
 clicking on Next Button member page
reading data from excel
entering pin code
reading data from excel
entering mobile no 
getting plan no form text
getting plan no form plan cards
plan no are matching Tc is passed
taking screenshort saved at C:\Users\prati\eclipse-workspace\maven23Nov2024Batch\screenshotvalidatePlancardAndText.png
closing Browser]]>
  </system-out>
</testsuite> <!-- com.coverFox_TestNG.CoverFoxUsingTestNG -->
