<?xml version="1.0" encoding="UTF-8"?>
<!-- Generated by org.testng.reporters.JUnitReportReporter -->
<testsuite hostname="Pratik" failures="0" tests="1" name="Sample.NewTest" time="5.547" errors="0" timestamp="2025-05-05T19:47:42 IST" skipped="0">
  <testcase classname="Sample.NewTest" name="f" time="5.547"/>
</testsuite> <!-- Sample.NewTest -->
